<?xml version="1.0" encoding="UTF-8"?>
<testng-results ignored="0" total="1" passed="1" failed="0" skipped="0">
  <reporter-output>
    <line>
      <![CDATA[createCustomer]]>
    </line>
  </reporter-output>
  <suite started-at="2023-12-17T11:16:04 IST" name="Suite" finished-at="2023-12-17T11:16:04 IST" duration-ms="80">
    <groups>
    </groups>
    <test started-at="2023-12-17T11:16:04 IST" name="Test" finished-at="2023-12-17T11:16:04 IST" duration-ms="80">
      <class name="testscript.CustomerModule">
        <test-method signature="createCustomer()[pri:0, instance:testscript.CustomerModule@73700b80]" started-at="2023-12-17T11:16:04 IST" name="createCustomer" finished-at="2023-12-17T11:16:04 IST" duration-ms="15" status="PASS">
          <reporter-output>
            <line>
              <![CDATA[createCustomer]]>
            </line>
          </reporter-output>
        </test-method> <!-- createCustomer -->
      </class> <!-- testscript.CustomerModule -->
    </test> <!-- Test -->
  </suite> <!-- Suite -->
</testng-results>
